<?xml version="1.0" encoding="UTF-8"?>
<!-- Generated by org.testng.reporters.JUnitReportReporter -->
<testsuite hostname="ASDA1708PO02529" name="AllTestTatoc" tests="8" failures="0" timestamp="3 Jul 2018 09:09:12 GMT" time="3.489" errors="0">
  <testcase name="test002_BasicCourse" time="0.120" classname="AllTestTatoc"/>
  <testcase name="test007_launchPopUp" time="0.178" classname="AllTestTatoc"/>
  <testcase name="test003_redBox" time="0.047" classname="AllTestTatoc"/>
  <testcase name="test005_testFrame" time="0.261" classname="AllTestTatoc"/>
  <testcase name="test004_GreenBox" time="0.186" classname="AllTestTatoc"/>
  <testcase name="test006_DragDropBox" time="0.058" classname="AllTestTatoc"/>
  <testcase name="test001_LaunchBrowser" time="2.549" classname="AllTestTatoc"/>
  <testcase name="test008_cookieHandling" time="0.090" classname="AllTestTatoc"/>
</testsuite> <!-- AllTestTatoc -->
